[Thu Mar 26 00:00:00 PDT 2026] Fetching quantum physics videos...
  Searching: quantum physics
  Searching: quantum mechanics
  Searching: quantum computing
  Searching: quantum theory
  Done! Added 86 new videos to quantum-physics-videos.md
[Fri Mar 27 00:00:00 PDT 2026] Fetching quantum physics videos...
  Searching: quantum physics
  Searching: quantum mechanics
  Searching: quantum computing
  Searching: quantum theory
  Done! Added 76 new videos to quantum-physics-videos.md
[Sat Mar 28 00:00:00 PDT 2026] Fetching quantum physics videos...
  Searching: quantum physics
  Searching: quantum mechanics
  Searching: quantum computing
  Searching: quantum theory
  Done! Added 81 new videos to quantum-physics-videos.md
[Sun Mar 29 00:00:00 PDT 2026] Fetching quantum physics videos...
  Searching: quantum physics
  Searching: quantum mechanics
  Searching: quantum computing
  Searching: quantum theory
  Done! Added 70 new videos to quantum-physics-videos.md
[Mon Mar 30 00:00:00 PDT 2026] Fetching quantum physics videos...
  Searching: quantum physics
  Searching: quantum mechanics
  Searching: quantum computing
  Searching: quantum theory
  Done! Added 79 new videos to quantum-physics-videos.md
[Tue Mar 31 00:00:00 PDT 2026] Fetching quantum physics videos...
  Searching: quantum physics
  Searching: quantum mechanics
  Searching: quantum computing
  Searching: quantum theory
  Done! Added 73 new videos to quantum-physics-videos.md
[Wed Apr  1 00:00:00 PDT 2026] Fetching quantum physics videos...
  Searching: quantum physics
  Searching: quantum mechanics
  Searching: quantum computing
  Searching: quantum theory
  Done! Added 85 new videos to quantum-physics-videos.md
