8497 7072 10000 7220
7270 6386 8497 7391
849 6461 1016 7908
0 0 1846 1574
0 1574 1960 2508
1016 6956 1373 7177
9277 416 10000 1063
0 8579 3210 9001
6087 0 7752 1948
2241 2628 3152 3814
111 2508 1164 3561
6087 1948 8469 2329
4240 0 5547 1043
4605 8644 7614 10000
8469 416 9001 2732
7621 8863 8130 9372
0 6288 849 7908
8878 8170 10000 9158
3152 2052 3548 5143
3548 2351 4340 3868
2267 3814 3042 4589
2947 1335 3028 1416
9083 7220 10000 8030
3292 1181 4161 2050
9001 1063 10000 2393
3210 8070 4138 9825
4358 2468 5698 3704
1582 3374 2241 4585
7752 442 8469 1772
5828 4108 6000 4281
9001 416 9277 1063
1571 5139 2838 6138
4846 6885 5509 7548
5517 6814 7195 7802
0 3566 1140 4879
8649 0 9766 416
4797 1171 6087 2461
9173 6071 10000 7072
5433 8143 8719 8641
1960 1447 3141 2628
8301 2764 10000 5843
7195 7391 8719 8143
485 4946 1510 6134
1017 6295 3799 6956
5709 2567 6937 3625
5747 6529 6074 6814
8719 8030 10000 8170
0 7908 2573 8269
0 6138 8612 6288
311 8269 1058 8579
8612 5987 9047 6422
0 9001 2964 10000
5545 7802 7195 8143
4138 8698 4526 9371
4954 7991 5433 8470
