5625 1440 7110 1630
0 4554 1323 6381
7656 1681 8047 2015
5858 1973 7656 2132
4179 556 4632 1009
5182 5750 6821 6612
8512 5587 9089 5929
8477 3656 9244 4423
3354 8210 3677 8533
339 7436 1599 8404
5374 853 6109 1440
3689 6544 4022 6834
3736 6841 4311 7433
9236 5679 10000 6872
0 8966 972 9456
6821 5402 7490 6071
6254 3685 6477 3908
1323 5297 1820 5794
7504 4489 8210 5195
3244 5646 4324 6544
6502 3608 7435 4338
2735 8549 3415 10000
6109 1115 7110 1440
8503 6504 9212 7056
6795 4342 7487 5390
5521 5000 5638 5131
3415 8772 5211 10000
512 3158 1277 3869
0 6793 2875 7194
4194 0 6711 295
8329 1225 9539 2132
5464 5187 6007 5730
7490 3057 8418 4164
3615 3363 4095 4408
5427 6647 5776 6996
2454 934 3569 1680
2205 3632 2586 4013
4269 1892 5858 2500
5162 1497 5625 1892
4324 5646 5182 7531
3756 7751 4777 8772
4283 4284 5130 4998
0 9456 972 10000
7886 9236 8594 9792
5899 7504 6553 10000
5329 7141 7674 7504
1483 2066 2518 3027
7945 7598 8128 7781
4371 2500 5442 3745
6275 6640 6904 7137
6192 295 6711 1115
3700 1009 4269 3363
2066 7194 2367 7495
9129 4845 9506 5146
8694 5012 9077 5395
5638 4169 6340 5148
1947 3157 2722 3632
7110 1225 8329 1681
285 1765 738 2218
470 8417 1233 8966
1483 1680 2518 2066
6256 1630 6660 1973
1287 3169 1947 4061
9089 5146 10000 5679
2912 3461 3435 3984
5545 322 6192 853
0 8166 277 8601
4119 3510 4371 3969
1991 8205 2515 9148
7110 701 9368 1225
8813 4440 9650 4841
8408 5291 8687 5570
9368 195 10000 860
2515 8001 3331 8549
972 9050 1394 9787
5211 8473 5893 9100
9746 862 10000 1223
2722 3137 3700 3294
6711 0 7344 701
3039 5030 4907 5646
7768 6176 8105 6513
2722 3294 3615 3461
8797 7069 9590 7598
7487 5195 8408 5350
2929 5915 3244 6230
2555 2393 3700 3137
7344 0 9368 701
9804 0 9896 93
6340 4474 6782 5337
6449 3095 6980 3606
413 3027 2555 3157
2518 1707 3203 2393
8732 8669 9238 9192
2235 4061 3022 4848
7870 8669 8732 9236
1165 927 2454 1680
5442 2500 6447 3685
2515 8549 2735 10000
9239 7598 10000 10000
6553 8699 7870 10000
2875 6715 3130 7002
1735 6098 2430 6793
9843 1223 10000 3074
8725 3048 9500 3647
8128 7598 9239 8669
704 0 2458 927
7500 2132 9539 2298
0 2218 1008 3027
9539 1364 9843 2819
1008 2035 1483 2510
6447 2134 7500 2928
7919 2298 9495 3027
4798 3745 4869 3817
7519 5350 8397 6174
4777 7531 5899 8473
0 78 704 1207
0 3038 413 4288
2458 0 3232 601
