[collect-youtube] topic=self-evolving-ai-systems new_videos=28
[collect-youtube] topic=self-improving-agent-systems new_videos=30
[collect-youtube] topic=ai-systems-harnesses new_videos=30
[collect-youtube] topic=experimentation-driven-ai-systems new_videos=30
[collect-youtube] topic=feedback-loop-driven-agent-systems new_videos=30
[collect-youtube] topic=eval-driven-system-improvement new_videos=30
[collect-youtube] topic=automated-experimentation-for-agent-workflows new_videos=30
[collect-youtube] topic=ab-testing-for-agent-systems new_videos=30
[collect-youtube] topic=meta-optimization-of-agent-workflows new_videos=7
[collect-youtube] topic=learning-from-failures-in-ai-systems new_videos=30
[collect-youtube] topic=regression-driven-improvement-for-ai-agents new_videos=5
[collect-youtube] topic=recursive-improvement-in-bounded-agent-systems new_videos=1
[collect-youtube] topic=agents-solving-hard-science-problems new_videos=30
[collect-youtube] topic=ai-systems-solving-hard-math-problems new_videos=30
[collect-youtube] topic=ai-systems-solving-hard-physics-problems new_videos=30
[collect-youtube] topic=autonomous-scientific-research-systems new_videos=30
[collect-youtube] topic=agent-workflows-for-literature-plus-computation-plus-validation new_videos=2
[collect-youtube] topic=research-agents-that-generate-test-and-refine-hypotheses new_videos=3
[collect-youtube] topic=durable-research-loops-with-explicit-artifacts-and-evaluation new_videos=4
[collect-youtube] topic=agent-orchestration-for-hard-multi-step-problems new_videos=7
[collect-youtube] topic=hierarchical-planning-execution-and-evaluation new_videos=4
[collect-youtube] topic=self-correcting-and-self-reflective-agent-loops new_videos=19
[collect-youtube] topic=planner-worker-evaluator-synthesizer-architectures new_videos=0
[collect-youtube] topic=long-horizon-autonomous-task-solving new_videos=13
[collect-youtube] topic=retrieval-and-knowledge-acquisition-systems-for-agents new_videos=13
[collect-youtube] topic=durable-and-inspectable-agent-workflows new_videos=0
[collect-youtube] topic=stateful-orchestration-with-explicit-artifacts new_videos=0
[collect-youtube] topic=simulation-backed-agent-development new_videos=21
[collect-youtube] topic=observability-tracing-and-event-logging-for-ai-workflows new_videos=0
[collect-youtube] topic=replanning-recovery-and-escalation-policies new_videos=4
[collect-youtube] topic=model-routing-and-role-specialization-in-multi-agent-systems new_videos=30
[collect-youtube] topic=token-aware-and-cost-aware-orchestration new_videos=2
[collect-youtube] topic=adversarial-testing-for-agent-systems new_videos=4
[collect-youtube] topic=safe-tool-use-for-agents new_videos=30
[collect-youtube] topic=parallel-agent-execution new_videos=29
[collect-youtube] topic=agent-assisted-theorem-proving new_videos=1
[collect-youtube] topic=agent-assisted-proof-search new_videos=30
[collect-youtube] topic=automated-literature-review-for-math-and-physics new_videos=1
[collect-youtube] topic=adversarial-validation-for-scientific-agent-outputs new_videos=0
[collect-youtube] completed topics=39 total_new_videos=618
