
--- 389a1, p = 5, prec = 15 ---
  rank r = 2
  cond N = 389
  a_p = -3
  alpha = 2 + 5 + 5^2 + 3*5^3 + 4*5^4 + 4*5^5 + 3*5^7 + 5^8 + 5^9 + 4*5^11 + 2*5^13 + O(5^15) (val 0)
  (1 - 1/alpha) = 3 + 5 + 3*5^2 + 4*5^3 + 4*5^4 + 3*5^6 + 5^7 + 5^8 + 4*5^10 + 2*5^12 + 5^14 + O(5^15)
  (1 - 1/alpha)^2 = 4 + 2*5 + 4*5^3 + 2*5^4 + 5^5 + 5^6 + 2*5^7 + 3*5^8 + 2*5^9 + 3*5^11 + 4*5^13 + 2*5^14 + O(5^15)
  log_p(1+p) = 5 + 2*5^2 + 4*5^3 + 2*5^4 + 5^6 + 4*5^7 + 2*5^8 + 3*5^9 + 5^10 + 2*5^11 + 2*5^12 + 3*5^14 + O(5^15)
  val(log_p(1+p)) = 1
  computing p-adic height pairing...
  Reg_p = 5^2 + 2*5^3 + 2*5^4 + 4*5^5 + 3*5^6 + 4*5^7 + 3*5^8 + 5^9 + 2*5^12 + 4*5^13 + 5^14 + 4*5^15 + O(5^16)
  val(Reg_p) = 2
  computing p-adic L-function...
  L_p(E, T) series (first few terms): O(5^6) + O(5^3)*T + (4 + 4*5 + 5^2 + O(5^3))*T^2 + (2 + 4*5 + O(5^3))*T^3 + (3 + 2*5^2 + O(5^3))*T^4 + (1 + 2*5 + O(5^2))*T^5 + (5 + O(5^2))*T^6 + (4 + 4*5 + O(5^2))*T^7 + (2 + 4*5 + O(5^2))*T^8 + O(5^2)*T^9 + (4*5 + O(5^2))*T^10 + (5 + O(5^2))*T^11 + (2 + O(5^2))*T^12 + (1 + 3*5 + O(5^2))*T^13 + (4 + 3*5 + O(5^2))*T^14 + O(T^15)
  coefficient valuations: ['inf', 'inf', 0, 0, 0, 0, 1, 0, 0, 'inf', 1, 1, 0, 0, 0]
  leading index = 2 (expected = r = 2)
  L_p^(2)(0) / 2! = 4 + 4*5 + 5^2 + O(5^3)
  Tam = 1, tors = 1
  Q = Sha * Tam / tors^2 = 1
  predicted RHS = 4 + 4*5 + 5^2 + 5^3 + 4*5^4 + 5^5 + 2*5^6 + 5^7 + 5^8 + 5^10 + 2*5^11 + 3*5^12 + 3*5^13 + O(5^14)
  ratio L_p^(r)/RHS = 1 + O(5^3)
  val(ratio - 1) = 3

--- 389a1, p = 7, prec = 15 ---
  rank r = 2
  cond N = 389
  a_p = -5
  alpha = 2 + 2*7 + 3*7^3 + 6*7^4 + 4*7^5 + 4*7^7 + 2*7^8 + 3*7^9 + 2*7^10 + 2*7^11 + 7^12 + 4*7^13 + 5*7^14 + O(7^15) (val 0)
  (1 - 1/alpha) = 4 + 3*7^2 + 6*7^3 + 4*7^4 + 4*7^6 + 2*7^7 + 3*7^8 + 2*7^9 + 2*7^10 + 7^11 + 4*7^12 + 5*7^13 + 4*7^14 + O(7^15)
  (1 - 1/alpha)^2 = 2 + 2*7 + 3*7^2 + 2*7^3 + 6*7^4 + 7^7 + 5*7^8 + 2*7^9 + 4*7^10 + 2*7^11 + 7^12 + 3*7^14 + O(7^15)
  log_p(1+p) = 7 + 3*7^2 + 7^3 + 6*7^4 + 5*7^5 + 2*7^6 + 7^7 + 5*7^8 + 4*7^9 + 4*7^10 + 2*7^11 + 5*7^12 + 7^13 + 5*7^14 + O(7^15)
  val(log_p(1+p)) = 1
  computing p-adic height pairing...
  Reg_p = 6*7^2 + 3*7^4 + 2*7^5 + 6*7^6 + 7^7 + 2*7^8 + 5*7^9 + 2*7^10 + 4*7^11 + 6*7^12 + 5*7^13 + 3*7^14 + 4*7^15 + O(7^16)
  val(Reg_p) = 2
  computing p-adic L-function...
  L_p(E, T) series (first few terms): O(7^6) + O(7^3)*T + (5 + 4*7 + 5*7^2 + O(7^3))*T^2 + (3 + 6*7 + 4*7^2 + O(7^3))*T^3 + (6 + 3*7 + 3*7^2 + O(7^3))*T^4 + (1 + 4*7 + 3*7^2 + O(7^3))*T^5 + (4 + 5*7 + 4*7^2 + O(7^3))*T^6 + (6*7 + O(7^2))*T^7 + (2 + 7 + O(7^2))*T^8 + (2 + 5*7 + O(7^2))*T^9 + (6 + 4*7 + O(7^2))*T^10 + (1 + 5*7 + O(7^2))*T^11 + (3 + O(7^2))*T^12 + (3 + 2*7 + O(7^2))*T^13 + (1 + 5*7 + O(7^2))*T^14 + O(T^15)
  coefficient valuations: ['inf', 'inf', 0, 0, 0, 0, 0, 1, 0, 0, 0, 0, 0, 0, 0]
  leading index = 2 (expected = r = 2)
  L_p^(2)(0) / 2! = 5 + 4*7 + 5*7^2 + O(7^3)
  Tam = 1, tors = 1
  Q = Sha * Tam / tors^2 = 1
  predicted RHS = 5 + 4*7 + 5*7^2 + 3*7^3 + 2*7^4 + 5*7^5 + 6*7^6 + 3*7^7 + 4*7^8 + 5*7^9 + 7^10 + 3*7^11 + 7^12 + 5*7^13 + O(7^14)
  ratio L_p^(r)/RHS = 1 + O(7^3)
  val(ratio - 1) = 3

--- 389a1, p = 5, prec = 12 ---
  rank r = 2
  cond N = 389
  a_p = -3
  alpha = 2 + 5 + 5^2 + 3*5^3 + 4*5^4 + 4*5^5 + 3*5^7 + 5^8 + 5^9 + 4*5^11 + O(5^12) (val 0)
  (1 - 1/alpha) = 3 + 5 + 3*5^2 + 4*5^3 + 4*5^4 + 3*5^6 + 5^7 + 5^8 + 4*5^10 + O(5^12)
  (1 - 1/alpha)^2 = 4 + 2*5 + 4*5^3 + 2*5^4 + 5^5 + 5^6 + 2*5^7 + 3*5^8 + 2*5^9 + 3*5^11 + O(5^12)
  log_p(1+p) = 5 + 2*5^2 + 4*5^3 + 2*5^4 + 5^6 + 4*5^7 + 2*5^8 + 3*5^9 + 5^10 + 2*5^11 + O(5^12)
  val(log_p(1+p)) = 1
  computing p-adic height pairing...
  Reg_p = 5^2 + 2*5^3 + 2*5^4 + 4*5^5 + 3*5^6 + 4*5^7 + 3*5^8 + 5^9 + 2*5^12 + O(5^13)
  val(Reg_p) = 2
  computing p-adic L-function...
  L_p(E, T) series (first few terms): O(5^6) + O(5^3)*T + (4 + 4*5 + 5^2 + O(5^3))*T^2 + (2 + 4*5 + O(5^3))*T^3 + (3 + 2*5^2 + O(5^3))*T^4 + (1 + 2*5 + O(5^2))*T^5 + (5 + O(5^2))*T^6 + (4 + 4*5 + O(5^2))*T^7 + (2 + 4*5 + O(5^2))*T^8 + O(5^2)*T^9 + (4*5 + O(5^2))*T^10 + (5 + O(5^2))*T^11 + O(T^12)
  coefficient valuations: ['inf', 'inf', 0, 0, 0, 0, 1, 0, 0, 'inf', 1, 1]
  leading index = 2 (expected = r = 2)
  L_p^(2)(0) / 2! = 4 + 4*5 + 5^2 + O(5^3)
  Tam = 1, tors = 1
  Q = Sha * Tam / tors^2 = 1
  predicted RHS = 4 + 4*5 + 5^2 + 5^3 + 4*5^4 + 5^5 + 2*5^6 + 5^7 + 5^8 + 5^10 + O(5^11)
  ratio L_p^(r)/RHS = 1 + O(5^3)
  val(ratio - 1) = 3

--- 389a1, p = 7, prec = 12 ---
  rank r = 2
  cond N = 389
  a_p = -5
  alpha = 2 + 2*7 + 3*7^3 + 6*7^4 + 4*7^5 + 4*7^7 + 2*7^8 + 3*7^9 + 2*7^10 + 2*7^11 + O(7^12) (val 0)
  (1 - 1/alpha) = 4 + 3*7^2 + 6*7^3 + 4*7^4 + 4*7^6 + 2*7^7 + 3*7^8 + 2*7^9 + 2*7^10 + 7^11 + O(7^12)
  (1 - 1/alpha)^2 = 2 + 2*7 + 3*7^2 + 2*7^3 + 6*7^4 + 7^7 + 5*7^8 + 2*7^9 + 4*7^10 + 2*7^11 + O(7^12)
  log_p(1+p) = 7 + 3*7^2 + 7^3 + 6*7^4 + 5*7^5 + 2*7^6 + 7^7 + 5*7^8 + 4*7^9 + 4*7^10 + 2*7^11 + O(7^12)
  val(log_p(1+p)) = 1
  computing p-adic height pairing...
  Reg_p = 6*7^2 + 3*7^4 + 2*7^5 + 6*7^6 + 7^7 + 2*7^8 + 5*7^9 + 2*7^10 + 4*7^11 + 6*7^12 + O(7^13)
  val(Reg_p) = 2
  computing p-adic L-function...
  L_p(E, T) series (first few terms): O(7^6) + O(7^3)*T + (5 + 4*7 + 5*7^2 + O(7^3))*T^2 + (3 + 6*7 + 4*7^2 + O(7^3))*T^3 + (6 + 3*7 + 3*7^2 + O(7^3))*T^4 + (1 + 4*7 + 3*7^2 + O(7^3))*T^5 + (4 + 5*7 + 4*7^2 + O(7^3))*T^6 + (6*7 + O(7^2))*T^7 + (2 + 7 + O(7^2))*T^8 + (2 + 5*7 + O(7^2))*T^9 + (6 + 4*7 + O(7^2))*T^10 + (1 + 5*7 + O(7^2))*T^11 + O(T^12)
  coefficient valuations: ['inf', 'inf', 0, 0, 0, 0, 0, 1, 0, 0, 0, 0]
  leading index = 2 (expected = r = 2)
  L_p^(2)(0) / 2! = 5 + 4*7 + 5*7^2 + O(7^3)
  Tam = 1, tors = 1
  Q = Sha * Tam / tors^2 = 1
  predicted RHS = 5 + 4*7 + 5*7^2 + 3*7^3 + 2*7^4 + 5*7^5 + 6*7^6 + 3*7^7 + 4*7^8 + 5*7^9 + 7^10 + O(7^11)
  ratio L_p^(r)/RHS = 1 + O(7^3)
  val(ratio - 1) = 3

--- 433a1, p = 5, prec = 12 ---
  rank r = 2
  cond N = 433
  a_p = -4
  alpha = 1 + 3*5 + 2*5^2 + 3*5^3 + 5^4 + 2*5^6 + 5^7 + 4*5^8 + 5^9 + 2*5^10 + 2*5^11 + O(5^12) (val 0)
  (1 - 1/alpha) = 3*5 + 3*5^2 + 5^3 + 2*5^5 + 5^6 + 4*5^7 + 5^8 + 2*5^9 + 2*5^10 + 4*5^11 + O(5^12)
  (1 - 1/alpha)^2 = 4*5^2 + 4*5^3 + 3*5^4 + 4*5^5 + 4*5^6 + 3*5^8 + 4*5^9 + 2*5^10 + 2*5^11 + 4*5^12 + O(5^13)
  log_p(1+p) = 5 + 2*5^2 + 4*5^3 + 2*5^4 + 5^6 + 4*5^7 + 2*5^8 + 3*5^9 + 5^10 + 2*5^11 + O(5^12)
  val(log_p(1+p)) = 1
  computing p-adic height pairing...
  Reg_p = 2 + 5 + 3*5^3 + 3*5^5 + 5^6 + 4*5^7 + 3*5^8 + 4*5^9 + O(5^10)
  val(Reg_p) = 0
  computing p-adic L-function...
  L_p(E, T) series (first few terms): O(5^6) + O(5^3)*T + (3 + 5 + O(5^3))*T^2 + (3 + 4*5 + 5^2 + O(5^3))*T^3 + (1 + 5 + 4*5^2 + O(5^3))*T^4 + (3*5 + O(5^2))*T^5 + (4 + 3*5 + O(5^2))*T^6 + (4 + 2*5 + O(5^2))*T^7 + (1 + 2*5 + O(5^2))*T^8 + (4 + 5 + O(5^2))*T^9 + (2*5 + O(5^2))*T^10 + (2 + 4*5 + O(5^2))*T^11 + O(T^12)
  coefficient valuations: ['inf', 'inf', 0, 0, 0, 1, 0, 0, 0, 0, 1, 0]
  leading index = 2 (expected = r = 2)
  L_p^(2)(0) / 2! = 3 + 5 + O(5^3)
  Tam = 1, tors = 1
  Q = Sha * Tam / tors^2 = 1
  predicted RHS = 3 + 5 + 5^4 + 2*5^5 + 3*5^6 + 2*5^7 + 5^8 + 2*5^9 + O(5^10)
  ratio L_p^(r)/RHS = 1 + O(5^3)
  val(ratio - 1) = 3

--- 433a1, p = 7, prec = 12 ---
  rank r = 2
  cond N = 433
  a_p = -3
  alpha = 4 + 4*7 + 3*7^2 + 6*7^3 + 5*7^4 + 7^5 + 4*7^6 + 4*7^7 + 6*7^8 + 3*7^9 + 5*7^10 + 5*7^11 + O(7^12) (val 0)
  (1 - 1/alpha) = 6 + 3*7 + 6*7^2 + 5*7^3 + 7^4 + 4*7^5 + 4*7^6 + 6*7^7 + 3*7^8 + 5*7^9 + 5*7^10 + 6*7^11 + O(7^12)
  (1 - 1/alpha)^2 = 1 + 6*7 + 2*7^2 + 3*7^3 + 2*7^4 + 7^5 + 7^6 + 4*7^7 + 3*7^8 + 4*7^10 + 4*7^11 + O(7^12)
  log_p(1+p) = 7 + 3*7^2 + 7^3 + 6*7^4 + 5*7^5 + 2*7^6 + 7^7 + 5*7^8 + 4*7^9 + 4*7^10 + 2*7^11 + O(7^12)
  val(log_p(1+p)) = 1
  computing p-adic height pairing...
  Reg_p = 6*7^2 + 2*7^3 + 3*7^4 + 7^5 + 3*7^7 + 4*7^8 + 3*7^10 + 2*7^11 + 7^12 + O(7^13)
  val(Reg_p) = 2
  computing p-adic L-function...
  L_p(E, T) series (first few terms): O(7^6) + O(7^3)*T + (6 + 2*7 + 5*7^2 + O(7^3))*T^2 + (5 + 7 + 5*7^2 + O(7^3))*T^3 + (5 + 4*7 + 4*7^2 + O(7^3))*T^4 + (6 + 4*7 + 2*7^2 + O(7^3))*T^5 + (4 + 7 + 5*7^2 + O(7^3))*T^6 + (3*7 + O(7^2))*T^7 + (3 + 4*7 + O(7^2))*T^8 + (4*7 + O(7^2))*T^9 + (4 + 4*7 + O(7^2))*T^10 + (6 + 4*7 + O(7^2))*T^11 + O(T^12)
  coefficient valuations: ['inf', 'inf', 0, 0, 0, 0, 0, 1, 0, 1, 0, 0]
  leading index = 2 (expected = r = 2)
  L_p^(2)(0) / 2! = 6 + 2*7 + 5*7^2 + O(7^3)
  Tam = 1, tors = 1
  Q = Sha * Tam / tors^2 = 1
  predicted RHS = 6 + 2*7 + 5*7^2 + 6*7^3 + 7^4 + 2*7^5 + 7^6 + 5*7^7 + 2*7^9 + 7^10 + O(7^11)
  ratio L_p^(r)/RHS = 1 + O(7^3)
  val(ratio - 1) = 3

--- 563a1, p = 5, prec = 12 ---
  rank r = 2
  cond N = 563
  a_p = -4
  alpha = 1 + 3*5 + 2*5^2 + 3*5^3 + 5^4 + 2*5^6 + 5^7 + 4*5^8 + 5^9 + 2*5^10 + 2*5^11 + O(5^12) (val 0)
  (1 - 1/alpha) = 3*5 + 3*5^2 + 5^3 + 2*5^5 + 5^6 + 4*5^7 + 5^8 + 2*5^9 + 2*5^10 + 4*5^11 + O(5^12)
  (1 - 1/alpha)^2 = 4*5^2 + 4*5^3 + 3*5^4 + 4*5^5 + 4*5^6 + 3*5^8 + 4*5^9 + 2*5^10 + 2*5^11 + 4*5^12 + O(5^13)
  log_p(1+p) = 5 + 2*5^2 + 4*5^3 + 2*5^4 + 5^6 + 4*5^7 + 2*5^8 + 3*5^9 + 5^10 + 2*5^11 + O(5^12)
  val(log_p(1+p)) = 1
  computing p-adic height pairing...
  Reg_p = 3*5 + 2*5^2 + 5^3 + 3*5^5 + 5^6 + 4*5^7 + 4*5^9 + O(5^10)
  val(Reg_p) = 1
  computing p-adic L-function...
  L_p(E, T) series (first few terms): O(5^6) + O(5^3)*T + (2*5 + 4*5^2 + O(5^3))*T^2 + (4*5^2 + O(5^3))*T^3 + (3*5 + 5^2 + O(5^3))*T^4 + (2*5 + O(5^2))*T^5 + (2 + 2*5 + O(5^2))*T^6 + (1 + 5 + O(5^2))*T^7 + (2 + 5 + O(5^2))*T^8 + (4 + O(5^2))*T^9 + (2*5 + O(5^2))*T^10 + (1 + 4*5 + O(5^2))*T^11 + O(T^12)
  coefficient valuations: ['inf', 'inf', 1, 2, 1, 1, 0, 0, 0, 0, 1, 0]
  leading index = 2 (expected = r = 2)
  L_p^(2)(0) / 2! = 2*5 + 4*5^2 + O(5^3)
  Tam = 1, tors = 1
  Q = Sha * Tam / tors^2 = 1
  predicted RHS = 2*5 + 4*5^2 + 3*5^3 + 3*5^4 + 2*5^5 + 4*5^7 + 3*5^8 + 2*5^9 + O(5^10)
  ratio L_p^(r)/RHS = 1 + O(5^2)
  val(ratio - 1) = 2

--- 563a1, p = 7, prec = 12 ---
  rank r = 2
  cond N = 563
  a_p = -5
  alpha = 2 + 2*7 + 3*7^3 + 6*7^4 + 4*7^5 + 4*7^7 + 2*7^8 + 3*7^9 + 2*7^10 + 2*7^11 + O(7^12) (val 0)
  (1 - 1/alpha) = 4 + 3*7^2 + 6*7^3 + 4*7^4 + 4*7^6 + 2*7^7 + 3*7^8 + 2*7^9 + 2*7^10 + 7^11 + O(7^12)
  (1 - 1/alpha)^2 = 2 + 2*7 + 3*7^2 + 2*7^3 + 6*7^4 + 7^7 + 5*7^8 + 2*7^9 + 4*7^10 + 2*7^11 + O(7^12)
  log_p(1+p) = 7 + 3*7^2 + 7^3 + 6*7^4 + 5*7^5 + 2*7^6 + 7^7 + 5*7^8 + 4*7^9 + 4*7^10 + 2*7^11 + O(7^12)
  val(log_p(1+p)) = 1
  computing p-adic height pairing...
  Reg_p = 6*7^2 + 6*7^3 + 4*7^4 + 3*7^5 + 5*7^6 + 6*7^7 + 7^8 + 3*7^9 + 6*7^10 + 3*7^11 + 7^12 + O(7^13)
  val(Reg_p) = 2
  computing p-adic L-function...
  L_p(E, T) series (first few terms): O(7^6) + O(7^3)*T + (5 + 2*7 + 5*7^2 + O(7^3))*T^2 + (4 + 7 + 7^2 + O(7^3))*T^3 + (1 + 4*7 + 4*7^2 + O(7^3))*T^4 + (1 + 7 + 3*7^2 + O(7^3))*T^5 + (4 + 2*7 + 4*7^2 + O(7^3))*T^6 + (5 + 6*7 + O(7^2))*T^7 + (4 + 7 + O(7^2))*T^8 + (3 + 6*7 + O(7^2))*T^9 + (2 + 4*7 + O(7^2))*T^10 + (1 + 4*7 + O(7^2))*T^11 + O(T^12)
  coefficient valuations: ['inf', 'inf', 0, 0, 0, 0, 0, 0, 0, 0, 0, 0]
  leading index = 2 (expected = r = 2)
  L_p^(2)(0) / 2! = 5 + 2*7 + 5*7^2 + O(7^3)
  Tam = 1, tors = 1
  Q = Sha * Tam / tors^2 = 1
  predicted RHS = 5 + 2*7 + 5*7^2 + 2*7^3 + 3*7^4 + 7^5 + 4*7^6 + 6*7^7 + 4*7^8 + 4*7^9 + O(7^11)
  ratio L_p^(r)/RHS = 1 + O(7^3)
  val(ratio - 1) = 3

=== SUMMARY ===
  389a1    p= 5 rank=2 val(ratio-1)=3
  389a1    p= 7 rank=2 val(ratio-1)=3
  389a1    p= 5 rank=2 val(ratio-1)=3
  389a1    p= 7 rank=2 val(ratio-1)=3
  433a1    p= 5 rank=2 val(ratio-1)=3
  433a1    p= 7 rank=2 val(ratio-1)=3
  563a1    p= 5 rank=2 val(ratio-1)=2
  563a1    p= 7 rank=2 val(ratio-1)=3
