
=== 389a1 at p=5, n_terms=6 ===
  rank = 2
  a_p = -3
  Reg_p computed in 0.4s, val = 2
  RHS = 4 + 4*5 + 5^2 + 5^3 + 4*5^4 + 5^5 + 2*5^6 + 5^7 + 5^8 + 5^10 + 2*5^11 + 3*5^12 + 3*5^13 + 4*5^14 + 4*5^15 + 3*5^16 + 4*5^17 + 2*5^18 + O(5^19)
  L-series computed in 0.5s
  L_p^(2)/2! = 4 + 4*5 + 5^2 + 5^3 + 4*5^4 + O(5^5)
  difference val = 5
  ratio = 1 + O(5^5)
  val(ratio - 1) = 5

=== 389a1 at p=7, n_terms=6 ===
  rank = 2
  a_p = -5
  Reg_p computed in 0.0s, val = 2
  RHS = 5 + 4*7 + 5*7^2 + 3*7^3 + 2*7^4 + 5*7^5 + 6*7^6 + 3*7^7 + 4*7^8 + 5*7^9 + 7^10 + 3*7^11 + 7^12 + 5*7^13 + 5*7^14 + 5*7^15 + 3*7^16 + 3*7^17 + 3*7^18 + O(7^19)
  L-series computed in 3.6s
  L_p^(2)/2! = 5 + 4*7 + 5*7^2 + 3*7^3 + 2*7^4 + O(7^5)
  difference val = 5
  ratio = 1 + O(7^5)
  val(ratio - 1) = 5

=== 433a1 at p=5, n_terms=6 ===
  rank = 2
  a_p = -4
  Reg_p computed in 0.4s, val = 0
  RHS = 3 + 5 + 5^4 + 2*5^5 + 3*5^6 + 2*5^7 + 5^8 + 2*5^9 + 2*5^13 + 5^15 + 3*5^17 + O(5^18)
  L-series computed in 0.5s
  L_p^(2)/2! = 3 + 5 + 5^4 + O(5^5)
  difference val = 5
  ratio = 1 + O(5^5)
  val(ratio - 1) = 5

=== 433a1 at p=7, n_terms=6 ===
  rank = 2
  a_p = -3
  Reg_p computed in 0.0s, val = 2
  RHS = 6 + 2*7 + 5*7^2 + 6*7^3 + 7^4 + 2*7^5 + 7^6 + 5*7^7 + 2*7^9 + 7^10 + 4*7^11 + 6*7^12 + 4*7^15 + 3*7^16 + 3*7^17 + 5*7^18 + O(7^19)
  L-series computed in 3.6s
  L_p^(2)/2! = 6 + 2*7 + 5*7^2 + 6*7^3 + 7^4 + O(7^5)
  difference val = 5
  ratio = 1 + O(7^5)
  val(ratio - 1) = 5

=== 563a1 at p=5, n_terms=6 ===
  rank = 2
  a_p = -4
  Reg_p computed in 0.5s, val = 1
  RHS = 2*5 + 4*5^2 + 3*5^3 + 3*5^4 + 2*5^5 + 4*5^7 + 3*5^8 + 2*5^9 + 4*5^10 + 3*5^12 + 2*5^13 + 4*5^16 + O(5^18)
  L-series computed in 0.6s
  L_p^(2)/2! = 2*5 + 4*5^2 + 3*5^3 + 3*5^4 + O(5^5)
  difference val = 5
  ratio = 1 + O(5^4)
  val(ratio - 1) = 4

=== 563a1 at p=7, n_terms=6 ===
  rank = 2
  a_p = -5
  Reg_p computed in 0.0s, val = 2
  RHS = 5 + 2*7 + 5*7^2 + 2*7^3 + 3*7^4 + 7^5 + 4*7^6 + 6*7^7 + 4*7^8 + 4*7^9 + 6*7^11 + 5*7^13 + 4*7^14 + 4*7^15 + 4*7^16 + 6*7^17 + 3*7^18 + O(7^19)
  L-series computed in 3.6s
  L_p^(2)/2! = 5 + 2*7 + 5*7^2 + 2*7^3 + 3*7^4 + O(7^5)
  difference val = 5
  ratio = 1 + O(7^5)
  val(ratio - 1) = 5

=== 643a1 at p=5, n_terms=6 ===
  rank = 2
  a_p = -2
  Reg_p computed in 0.5s, val = 2
  RHS = 3 + 5 + 2*5^2 + 2*5^3 + 3*5^4 + 3*5^5 + 5^6 + 2*5^7 + 5^8 + 4*5^10 + 3*5^12 + 5^13 + 2*5^14 + 2*5^16 + 4*5^17 + 3*5^18 + O(5^19)
  L-series computed in 0.7s
  L_p^(2)/2! = 3 + 5 + 2*5^2 + 2*5^3 + 3*5^4 + O(5^5)
  difference val = 5
  ratio = 1 + O(5^5)
  val(ratio - 1) = 5

=== 643a1 at p=7, n_terms=6 ===
  rank = 2
  a_p = -3
  Reg_p computed in 0.0s, val = 2
  RHS = 3 + 2*7 + 3*7^2 + 7^3 + 3*7^4 + 2*7^5 + 7^6 + 3*7^8 + 5*7^9 + 5*7^11 + 4*7^12 + 6*7^13 + 7^14 + 4*7^15 + 4*7^16 + 7^17 + 4*7^18 + O(7^19)
  L-series computed in 3.6s
  L_p^(2)/2! = 3 + 2*7 + 3*7^2 + 7^3 + 3*7^4 + O(7^5)
  difference val = 5
  ratio = 1 + O(7^5)
  val(ratio - 1) = 5

=== 709a1 at p=5, n_terms=6 ===
  rank = 2
  a_p = -3
  Reg_p computed in 0.2s, val = 3
  RHS = 2*5 + 2*5^2 + 2*5^3 + 3*5^4 + 2*5^5 + 5^6 + 4*5^7 + 4*5^8 + 5^9 + 2*5^10 + 4*5^12 + 3*5^13 + 4*5^15 + 4*5^16 + 2*5^17 + 5^18 + O(5^19)
  L-series computed in 0.5s
  L_p^(2)/2! = 2*5 + 2*5^2 + 2*5^3 + 3*5^4 + O(5^5)
  difference val = 5
  ratio = 1 + O(5^4)
  val(ratio - 1) = 4

=== 709a1 at p=7, n_terms=6 ===
  rank = 2
  a_p = -4
  Reg_p computed in 0.0s, val = 4
  RHS = 2*7^2 + 5*7^3 + 3*7^4 + 6*7^5 + 4*7^6 + 7^7 + 2*7^9 + 6*7^10 + 6*7^11 + 7^12 + 2*7^13 + 3*7^14 + 4*7^15 + 4*7^16 + 3*7^18 + 7^19 + O(7^20)
  L-series computed in 3.6s
  L_p^(2)/2! = 2*7^2 + 5*7^3 + 3*7^4 + O(7^5)
  difference val = 5
  ratio = 1 + O(7^3)
  val(ratio - 1) = 3

=== 997b1 at p=5, n_terms=6 ===
  rank = 2
  a_p = -4
  Reg_p computed in 0.2s, val = 0
  RHS = 3 + 3*5 + 5^2 + 4*5^3 + 2*5^4 + 4*5^5 + 5^6 + 2*5^7 + 4*5^8 + 4*5^9 + 5^11 + 2*5^13 + 4*5^14 + 5^15 + 2*5^16 + 2*5^17 + O(5^18)
  L-series computed in 0.6s
  L_p^(2)/2! = 3 + 3*5 + 5^2 + 4*5^3 + 2*5^4 + O(5^5)
  difference val = 5
  ratio = 1 + O(5^5)
  val(ratio - 1) = 5

=== 997b1 at p=7, n_terms=6 ===
  rank = 2
  a_p = -2
  Reg_p computed in 0.0s, val = 2
  RHS = 6 + 6*7 + 2*7^3 + 3*7^4 + 2*7^5 + 2*7^6 + 6*7^7 + 4*7^8 + 5*7^9 + 3*7^10 + 4*7^13 + 5*7^14 + 3*7^15 + 4*7^17 + O(7^19)
  L-series computed in 3.6s
  L_p^(2)/2! = 6 + 6*7 + 2*7^3 + 3*7^4 + O(7^5)
  difference val = 5
  ratio = 1 + O(7^5)
  val(ratio - 1) = 5


*** Rank-3 test ***

=== 5077a1 at p=5, n_terms=6 ===
  rank = 3
  a_p = -4
  Reg_p computed in 0.4s, val = 1
  RHS = 4 + 4*5 + 4*5^2 + 2*5^3 + 3*5^4 + 4*5^5 + 5^6 + 5^8 + 5^9 + 4*5^10 + 5^11 + 3*5^12 + 5^13 + 3*5^14 + 2*5^16 + 5^17 + 3*5^18 + O(5^19)
  L-series computed in 0.7s
  L_p^(3)/3! = 4 + 4*5 + 4*5^2 + 2*5^3 + 3*5^4 + O(5^5)
  difference val = 5
  ratio = 1 + O(5^5)
  val(ratio - 1) = 5

=== 5077a1 at p=7, n_terms=6 ===
  rank = 3
  a_p = -4
  Reg_p computed in 0.0s, val = 3
  RHS = 2 + 4*7 + 4*7^2 + 7^3 + 2*7^4 + 7^5 + 6*7^6 + 4*7^8 + 6*7^9 + 6*7^10 + 6*7^11 + 6*7^12 + 7^13 + 7^14 + 3*7^15 + 5*7^16 + 4*7^17 + 5*7^18 + O(7^19)
  L-series computed in 3.7s
  L_p^(3)/3! = 2 + 4*7 + 4*7^2 + 7^3 + 2*7^4 + O(7^5)
  difference val = 5
  ratio = 1 + O(7^5)
  val(ratio - 1) = 5


=== SUMMARY ===
  389a1    p= 5: val(L_p^(r) - RHS) = 5
  389a1    p= 7: val(L_p^(r) - RHS) = 5
  433a1    p= 5: val(L_p^(r) - RHS) = 5
  433a1    p= 7: val(L_p^(r) - RHS) = 5
  563a1    p= 5: val(L_p^(r) - RHS) = 5
  563a1    p= 7: val(L_p^(r) - RHS) = 5
  643a1    p= 5: val(L_p^(r) - RHS) = 5
  643a1    p= 7: val(L_p^(r) - RHS) = 5
  709a1    p= 5: val(L_p^(r) - RHS) = 5
  709a1    p= 7: val(L_p^(r) - RHS) = 5
  997b1    p= 5: val(L_p^(r) - RHS) = 5
  997b1    p= 7: val(L_p^(r) - RHS) = 5
  5077a1   p= 5: val(L_p^(r) - RHS) = 5
  5077a1   p= 7: val(L_p^(r) - RHS) = 5
