E = 389a1, rank 2

=== p = 5, a_p = -3 ===
  ambient prec = 25
  computing Reg_p at prec 25...
  val(Reg_p) = 2, prec = 26
  computing p-adic L-series...
  num coeffs = 25
  L_p^(2)/2! = 4 + 4*5 + 5^2 + 5^3 + O(5^4)
    abs prec = 4
  predicted = 4 + 4*5 + 5^2 + 5^3 + 4*5^4 + 5^5 + 2*5^6 + 5^7 + 5^8 + 5^10 + 2*5^11 + 3*5^12 + 3*5^13 + 4*5^14 + 4*5^15 + 3*5^16 + 4*5^17 + 2*5^18 + 3*5^19 + 4*5^21 + 3*5^23 + O(5^24)
    abs prec = 24
  common prec = 4
  difference = O(5^4)
    val = 4
  ratio = 1 + O(5^4)
  val(ratio - 1) = 4

=== p = 7, a_p = -5 ===
  ambient prec = 25
  computing Reg_p at prec 25...
  val(Reg_p) = 2, prec = 26
  computing p-adic L-series...
  num coeffs = 25
  L_p^(2)/2! = 5 + 4*7 + 5*7^2 + 3*7^3 + O(7^4)
    abs prec = 4
  predicted = 5 + 4*7 + 5*7^2 + 3*7^3 + 2*7^4 + 5*7^5 + 6*7^6 + 3*7^7 + 4*7^8 + 5*7^9 + 7^10 + 3*7^11 + 7^12 + 5*7^13 + 5*7^14 + 5*7^15 + 3*7^16 + 3*7^17 + 3*7^18 + 3*7^19 + 7^20 + 4*7^21 + 5*7^22 + 3*7^23 + O(7^24)
    abs prec = 24
  common prec = 4
  difference = O(7^4)
    val = 4
  ratio = 1 + O(7^4)
  val(ratio - 1) = 4

=== p = 11, a_p = -4 ===
  ambient prec = 25
  computing Reg_p at prec 25...
  val(Reg_p) = 2, prec = 26
  computing p-adic L-series...
  num coeffs = 25
  L_p^(2)/2! = 9 + 3*11 + 10*11^2 + 4*11^3 + O(11^4)
    abs prec = 4
  predicted = 9 + 3*11 + 10*11^2 + 4*11^3 + 9*11^5 + 10*11^6 + 11^7 + 9*11^8 + 11^9 + 7*11^10 + 7*11^11 + 2*11^12 + 8*11^13 + 8*11^14 + 4*11^16 + 6*11^17 + 6*11^18 + 6*11^19 + 9*11^20 + 5*11^21 + 9*11^22 + O(11^24)
    abs prec = 24
  common prec = 4
  difference = O(11^4)
    val = 4
  ratio = 1 + O(11^4)
  val(ratio - 1) = 4

=== higher precision attempt: explicit n loop ===

--- p = 5, n_terms = 3 ---
  L_p^(2)/2! = 4 + 4*5 + O(5^2)
    abs prec = 2

--- p = 5, n_terms = 4 ---
  L_p^(2)/2! = 4 + 4*5 + 5^2 + O(5^3)
    abs prec = 3

--- p = 5, n_terms = 5 ---
  L_p^(2)/2! = 4 + 4*5 + 5^2 + 5^3 + O(5^4)
    abs prec = 4

--- p = 5, n_terms = 6 ---
  L_p^(2)/2! = 4 + 4*5 + 5^2 + 5^3 + 4*5^4 + O(5^5)
    abs prec = 5

--- p = 5, n_terms = 7 ---
  L_p^(2)/2! = 4 + 4*5 + 5^2 + 5^3 + 4*5^4 + 5^5 + O(5^6)
    abs prec = 6
