9818 9819 7145 7146
7946 7947 7062 7063
915 916 7307 7308
288 289 1518 1519
18 19 1661 1662
1194 1195 6998 6999
9388 9389 999 1000
690 691 8616 8617
6721 6722 1867 1868
2718 2719 3386 3387
637 638 3034 3035
6376 6377 2028 2029
4893 4894 389 390
7201 7202 9721 9722
8940 8941 917 918
7875 7876 9117 9118
266 267 6858 6859
9558 9559 8477 8478
3491 3492 3109 3110
3602 3603 3109 3110
2322 2323 3869 3870
2987 2988 1375 1376
9659 9660 7595 7596
3726 3727 1615 1616
9250 9251 1120 1121
4087 4088 8947 8948
5098 5099 2963 2964
2187 2188 3979 3980
8416 8417 1106 1107
5914 5915 4194 4195
9165 9166 962 963
1919 1920 6057 6058
5177 5178 7216 7217
6462 6463 7544 7545
121 122 4267 4268
9207 9208 107 108
6031 6032 2405 2406
9720 9721 6618 6619
6919 6920 8226 8227
2567 2568 2020 2021
9840 9841 4303 4304
7557 7558 7767 7768
1187 1188 5648 5649
1156 1157 6913 6914
6210 6211 2898 2899
5910 5911 6692 6693
9945 9946 8116 8117
404 405 8201 8202
1261 1262 6232 6233
684 685 8541 8542
8829 8830 6204 6205
1140 1141 9489 9490
6983 6984 8059 8060
4189 4190 9034 9035
5193 5194 8230 8231
