6317 6318 1530 1531
409 410 5467 5468
7851 7852 1819 1820
6332 6333 2034 2035
4405 4406 782 783
5525 5526 6204 6205
8800 8801 5640 5641
8860 8861 4039 4040
3515 3516 8371 8372
686 687 8348 8349
5896 5897 1107 1108
3855 3856 6667 6668
4118 4119 7050 7051
9905 9906 5966 5967
479 480 9379 9380
7155 7156 5736 5737
6365 6366 3796 3797
1571 1572 5545 5546
7596 7597 5102 5103
3409 3410 6151 6152
6853 6854 3662 3663
2789 2790 8599 8600
6604 6605 1170 1171
8857 8858 6858 6859
7223 7224 5056 5057
5586 5587 5065 5066
4331 4332 9355 9356
1044 1045 3336 3337
2561 2562 6845 6846
6245 6246 229 230
8771 8772 2009 2010
5735 5736 5458 5459
8043 8044 3610 3611
3867 3868 3657 3658
5601 5602 6821 6822
2469 2470 1633 1634
2395 2396 3822 3823
5539 5540 1963 1964
5393 5394 1728 1729
4379 4380 6715 6716
4266 4267 8261 8262
4706 4707 4707 4708
557 558 9532 9533
8092 8093 9290 9291
5974 5975 8558 8559
6501 6502 7212 7213
2191 2192 2309 2310
8036 8037 7689 7690
4753 4754 3268 3269
6589 6590 6954 6955
6262 6263 831 832
3802 3803 3299 3300
2216 2217 7344 7345
9317 9318 4957 4958
8885 8886 5203 5204
5899 5900 5090 5091
2331 2332 3559 3560
7954 7955 1584 1585
511 512 1991 1992
851 852 8691 8692
2464 2465 1725 1726
6458 6459 1771 1772
1786 1787 3561 3562
9979 9980 5627 5628
3173 3174 3722 3723
5931 5932 638 639
59 60 8383 8384
4316 4317 3739 3740
2462 2463 8676 8677
7557 7558 1146 1147
9231 9232 4786 4787
8564 8565 5447 5448
9977 9978 804 805
2874 2875 8499 8500
1025 1026 9418 9419
5676 5677 8528 8529
9952 9953 1016 1017
3038 3039 3190 3191
6952 6953 420 421
3973 3974 5590 5591
7936 7937 6344 6345
3309 3310 3397 3398
9193 9194 7201 7202
7824 7825 5290 5291
3086 3087 6072 6073
2992 2993 3082 3083
7412 7413 294 295
9849 9850 46 47
6537 6538 4905 4906
6629 6630 3444 3445
810 811 3084 3085
2735 2736 1959 1960
9027 9028 8840 8841
2628 2629 4454 4455
8394 8395 9158 9159
2438 2439 1622 1623
6066 6067 3265 3266
2679 2680 8761 8762
9672 9673 8200 8201
7497 7498 9643 9644
2986 2987 6858 6859
2082 2083 6445 6446
9904 9905 2115 2116
9112 9113 3379 3380
9177 9178 8610 8611
2405 2406 16 17
9030 9031 2229 2230
606 607 2676 2677
9750 9751 2091 2092
1245 1246 2272 2273
6973 6974 2401 2402
8970 8971 2711 2712
4833 4834 3781 3782
7790 7791 5621 5622
5647 5648 8380 8381
139 140 642 643
41 42 3476 3477
2677 2678 46 47
