[2026-03-30T05:31:42] Operator started
[2026-03-30T05:31:42]   Strategy dir: /Users/seanross/kingdom_of_god/building_models/current_hunts/big-thinkers/atlas/execution/instances/vasseur-pressure/strategies/strategy-001
[2026-03-30T05:31:42]   Prefix: vp
[2026-03-30T05:31:42]   Missionary: missionary-vp
[2026-03-30T05:31:42]   Strategizer: vp-strategizer
[2026-03-30T05:31:42]   Poll interval: 30s
[2026-03-30T05:36:12] Launching standard explorer: vp-exploration-001
[2026-03-30T05:36:22] Explorer vp-exploration-001 launched (standard)
[2026-03-30T05:43:22] Killed explorer session: vp-exploration-001
[2026-03-30T05:43:22] Nudging strategizer: exploration-001 complete
[2026-03-30T05:46:53] Launching math explorer: vp-exploration-002
[2026-03-30T05:47:03] Explorer vp-exploration-002 launched (math)
[2026-03-30T05:47:33] Launching standard explorer: vp-exploration-003
[2026-03-30T05:47:43] Explorer vp-exploration-003 launched (standard)
[2026-03-30T05:48:43] Launching math explorer: vp-exploration-004
[2026-03-30T05:48:53] Explorer vp-exploration-004 launched (math)
[2026-03-30T05:55:54] Killed explorer session: vp-exploration-004
[2026-03-30T05:55:54] Nudging strategizer: exploration-004 complete
[2026-03-30T06:08:55] Killed explorer session: vp-exploration-003
[2026-03-30T06:08:55] Nudging strategizer: exploration-003 complete
[2026-03-30T07:54:07] Killed explorer session: vp-exploration-002
[2026-03-30T07:54:07] Nudging strategizer: exploration-002 complete
[2026-03-30T07:58:08] Launching standard explorer: vp-exploration-005
[2026-03-30T07:58:18] Explorer vp-exploration-005 launched (standard)
[2026-03-30T07:58:48] Launching standard explorer: vp-exploration-006
[2026-03-30T07:58:58] Explorer vp-exploration-006 launched (standard)
[2026-03-30T08:10:30] Killed explorer session: vp-exploration-005
[2026-03-30T08:10:30] Nudging strategizer: exploration-005 complete
[2026-03-30T08:58:40] Killed explorer session: vp-exploration-006
[2026-03-30T08:58:40] Nudging strategizer: exploration-006 complete
[2026-03-30T09:02:40] Launching math explorer: vp-exploration-007
[2026-03-30T09:02:50] Explorer vp-exploration-007 launched (math)
[2026-03-30T09:03:21] Launching standard explorer: vp-exploration-008
[2026-03-30T09:03:31] Explorer vp-exploration-008 launched (standard)
[2026-03-30T09:12:02] Killed explorer session: vp-exploration-008
[2026-03-30T09:12:02] Nudging strategizer: exploration-008 complete
[2026-03-30T09:54:16] Killed explorer session: vp-exploration-007
[2026-03-30T09:54:16] Nudging strategizer: exploration-007 complete
[2026-03-30T09:57:47] Launching standard explorer: vp-exploration-009
[2026-03-30T09:57:57] Explorer vp-exploration-009 launched (standard)
[2026-03-30T10:04:28] Killed explorer session: vp-exploration-009
[2026-03-30T10:04:28] Nudging strategizer: exploration-009 complete
[2026-03-30T10:07:29] Launching math explorer: vp-exploration-010
[2026-03-30T10:07:39] Explorer vp-exploration-010 launched (math)
[2026-03-30T10:17:12] Killed explorer session: vp-exploration-010
[2026-03-30T10:17:12] Nudging strategizer: exploration-010 complete
[2026-03-30T10:20:43] Strategy complete — nudging missionary
[2026-03-30T10:20:43] Strategy complete. Operator exiting.
