4141 9626 4530 10000
0 6176 613 10000
1545 4783 2318 5702
1367 743 3370 1647
2055 162 3370 743
6014 7190 6886 8141
6315 0 7655 1805
707 5145 1545 6181
7787 7167 10000 7693
5621 489 5800 668
2448 1647 3937 3040
781 9080 1218 9517
6921 3955 10000 5100
3440 7872 4017 8449
6674 8467 6760 8554
3425 3732 4352 6037
4354 4566 5490 5702
9482 9694 9801 10000
1786 465 2055 734
4850 5881 5622 7571
6947 2796 7687 3955
2003 2232 2448 2677
7803 5100 9126 6050
4599 5881 4850 10000
613 8588 2167 9080
2369 4276 3425 6037
6886 7167 7787 8171
613 7479 1464 8588
5224 2523 6375 4496
2167 8463 4141 10000
5682 5671 6133 6200
6598 8171 7435 8463
4352 5702 5682 5881
5247 697 6315 2405
3370 211 4498 1579
0 936 667 6176
4352 2608 5224 4566
3937 1579 5055 2608
7704 1378 10000 3104
7687 3104 10000 3955
4498 0 5247 1458
7787 7693 9139 8897
634 6181 2899 7479
2899 6037 4599 7848
6919 9082 7334 9497
3324 3040 4233 3732
8565 9796 8708 9939
7502 6451 8351 7167
0 0 4498 162
673 4661 1327 5145
6406 3798 6921 4313
1464 7479 2899 8463
