======================================================================
Worst-Case Configuration Search for SZZ Hessian Bound
L=4, d=4, beta=0.02
======================================================================

=== ALIGNED CONFIGURATION SEARCH ===
Testing U_e = exp(i*α_e*σ₃) with random α_e
  Trial 1: max H_norm = 0.002200
  Trial 2: max H_norm = 0.003310
  Trial 3: max H_norm = 0.004800
  Best aligned: H_norm = 0.004800 (slack = 208.3x)

=== GRADIENT ASCENT SEARCH ===
Gradient ascent: n_steps=10, step_size=0.005
  Step 5: H_norm = 0.001581, best_improvement = 0.00000000
  Step 10: H_norm = 0.003969, best_improvement = 0.00000000
  Gradient ascent: max H_norm = 0.004629 (slack = 216.0x)

=== EIGENVALUE DOMINANT TANGENT SEARCH ===
Power iteration on Hessian to find dominant eigenvector
  Config 1: max H_norm found = 0.005690
  Config 2: max H_norm found = 0.005690
  Eigenvalue search: max H_norm = 0.005690 (slack = 175.8x)

======================================================================
WORST-CASE SEARCH SUMMARY
                      Strategy      max H_norm    slack_factor
----------------------------------------------------------------------
                       aligned        0.004800           208.3x
               gradient_ascent        0.004629           216.0x
             eigenvalue_search        0.005690           175.8x
----------------------------------------------------------------------
            OVERALL MAX H_NORM        0.005690           175.8x

Results saved to /Users/seanross/kingdom_of_god/home-base/current_hunts/big-thinkers/research-systems/atlas/execution/instances/yang-mills/strategies/strategy-002/explorations/exploration-006/code/worst_case_results.json
